14
1
7
3
0
25
21
5
2
9
27
11
18
32
26
4
16
36
41
8
15
42
29
43
45
48
13
40
23
20
52
31
47
24
57
6
56
38
22
59
63
64
65
66
67
68
58
70
54
72
71
74
34
10
77
61
79
69
78
81
76
84
62
46
50
88
28
89
90
86
35
60
95
92
83
85
44
99
94
87
73
104
105
106
17
103
30
108
111
91
75
49
115
97
51
33
110
120
96
119
121
80
39
126
127
37
129
112
124
122
132
53
98
136
100
125
107
82
128
141
55
93
113
101
147
148
12
135
150
146
153
123
114
117
157
19
116
156
130
162
142
137
144
145
118
168
169
139
171
167
133
174
170
163
177
178
172
109
179
173
183
184
175
140
181
188
182
165
191
186
189
190
194
195
197
192
193
187
200
176
185
131
204
180
166
134
209
203
158
143
199
214
215
216
164
218
154
212
149
221
220
207
225
102
160
224
155
230
196
210
217
228
235
223
236
237
219
233
152
138
232
242
240
227
247
246
248
238
251
252
250
254
205
249
231
245
239
241
229
226
263
244
264
266
256
243
269
234
268
208
273
213
151
211
161
278
265
271
198
202
280
222
283
284
274
285
206
262
275
255
288
272
295
277
259
296
